<?xml version="1.0" encoding="UTF-8"?>
<!-- Generated by org.testng.reporters.JUnitReportReporter -->
<testsuite hostname="LTIN127900" failures="0" tests="2" name="TestCases.CarValidation" time="17.506" errors="0" timestamp="2024-03-13T23:17:12 IST" skipped="0">
  <testcase classname="TestCases.CarValidation" name="CarInsurance" time="14.351"/>
  <testcase classname="TestCases.CarValidation" name="NavigateHome" time="3.155"/>
</testsuite> <!-- TestCases.CarValidation -->
