<?xml version="1.0" encoding="UTF-8"?>
<!-- Generated by org.testng.reporters.JUnitReportReporter -->
<testsuite hostname="LTIN127900" failures="0" tests="2" name="TestCases.HomePage" time="1.269" errors="0" timestamp="2024-03-13T23:17:12 IST" skipped="0">
  <testcase classname="TestCases.HomePage" name="VerifiyTitle" time="0.015"/>
  <testcase classname="TestCases.HomePage" name="NavigateTravelInsurance" time="1.254"/>
</testsuite> <!-- TestCases.HomePage -->
