<?xml version="1.0" encoding="UTF-8"?>
<!-- Generated by org.testng.reporters.JUnitReportReporter -->
<testsuite hostname="LTIN127900" failures="0" tests="1" name="TestCases.test" time="0.014" errors="0" timestamp="2024-03-04T11:04:26 IST" skipped="0">
  <testcase classname="TestCases.test" name="display" time="0.014"/>
  <system-out/>
</testsuite> <!-- TestCases.test -->
